<?xml version="1.0" encoding="UTF-8"?>
<!-- Generated by org.testng.reporters.JUnitXMLReporter -->
<testsuite ignored="2" hostname="HASEEFRAWTHAR" failures="0" tests="0" time="0.016" errors="0" timestamp="2022-10-03T15:42:09 IST">
  <testcase classname="com.NopCommerce.baseclass.SetUp" name="@BeforeSuite start" time="3.394">
    <failure type="java.lang.NullPointerException">
      <![CDATA[java.lang.NullPointerException
at com.NopCommerce.baseclass.SetUp.start(SetUp.java:50)
... Removed 24 stack frames]]>
    </failure>
  </testcase> <!-- @BeforeSuite start -->
  <testcase classname="com.NopCommerce.baseclass.SetUp" name="@AfterSuite tearDown" time="0.0">
    <ignored/>
  </testcase> <!-- @AfterSuite tearDown -->
  <testcase classname="com.NopCommerce.baseclass.SetUp" name="@BeforeSuite start" time="0.0">
    <ignored/>
  </testcase> <!-- @BeforeSuite start -->
</testsuite>
