-------------------------------------------------------------------------------
Test set: TestSuite
-------------------------------------------------------------------------------
Tests run: 1, Failures: 1, Errors: 0, Skipped: 0, Time elapsed: 5.213 s <<< FAILURE! - in TestSuite
start(com.NopCommerce.api.testdata.TestDataImportAPI)  Time elapsed: 4.393 s  <<< FAILURE!
java.lang.NullPointerException

