<?xml version="1.0" encoding="UTF-8"?>
<testsuite xmlns:xsi="http://www.w3.org/2001/XMLSchema-instance" xsi:noNamespaceSchemaLocation="https://maven.apache.org/surefire/maven-surefire-plugin/xsd/surefire-test-report.xsd" name="TestSuite" time="33.613" tests="2" errors="0" skipped="0" failures="0">
  <properties>
[...]
</properties>
  <testcase name="runScenario" classname="com.NopCommerce.runner.UIRunner" time="14.976"/>
  <testcase name="runScenario" classname="com.NopCommerce.runner.UIRunner" time="17.076"/>
</testsuite>