<?xml version="1.0" encoding="UTF-8"?>
<testng-results ignored="0" total="2" passed="2" failed="0" skipped="0">
  <reporter-output>
  </reporter-output>
  <suite started-at="2022-10-04T08:53:50 IST" name="Suite" finished-at="2022-10-04T08:54:23 IST" duration-ms="32470">
    <groups>
      <group name="cucumber">
        <method signature="AbstractTestNGCucumberTests.runScenario(io.cucumber.testng.PickleWrapper, io.cucumber.testng.FeatureWrapper)[pri:0, instance:com.NopCommerce.runner.UIRunner@482bce4f]" name="runScenario" class="io.cucumber.testng.AbstractTestNGCucumberTests"/>
      </group> <!-- cucumber -->
    </groups>
    <test started-at="2022-10-04T08:53:50 IST" name="Cucumber with TestNG Test" finished-at="2022-10-04T08:54:23 IST" duration-ms="32470">
      <class name="com.NopCommerce.runner.UIRunner">
        <test-method is-config="true" signature="setUpClass(org.testng.ITestContext)[pri:0, instance:com.NopCommerce.runner.UIRunner@482bce4f]" started-at="2022-10-04T08:53:50 IST" name="setUpClass" finished-at="2022-10-04T08:53:50 IST" duration-ms="218" status="PASS">
          <params>
            <param index="0">
              <value>
                <![CDATA[org.testng.TestRunner@537b3be1]]>
              </value>
            </param>
          </params>
          <reporter-output>
          </reporter-output>
        </test-method> <!-- setUpClass -->
        <test-method signature="runScenario(io.cucumber.testng.PickleWrapper, io.cucumber.testng.FeatureWrapper)[pri:0, instance:com.NopCommerce.runner.UIRunner@482bce4f]" started-at="2022-10-04T08:53:50 IST" name="runScenario" description="Runs Cucumber Scenarios" data-provider="scenarios" finished-at="2022-10-04T08:54:05 IST" duration-ms="14974" status="PASS">
          <params>
            <param index="0">
              <value>
                <![CDATA["Verify Login with invalid credentials"]]>
              </value>
            </param>
            <param index="1">
              <value>
                <![CDATA["Verify Login Feature"]]>
              </value>
            </param>
          </params>
          <reporter-output>
          </reporter-output>
        </test-method> <!-- runScenario -->
        <test-method signature="runScenario(io.cucumber.testng.PickleWrapper, io.cucumber.testng.FeatureWrapper)[pri:0, instance:com.NopCommerce.runner.UIRunner@482bce4f]" started-at="2022-10-04T08:54:05 IST" name="runScenario" description="Runs Cucumber Scenarios" data-provider="scenarios" finished-at="2022-10-04T08:54:23 IST" duration-ms="17076" status="PASS">
          <params>
            <param index="0">
              <value>
                <![CDATA["Verify Login with valid credentials"]]>
              </value>
            </param>
            <param index="1">
              <value>
                <![CDATA["Verify Login Feature"]]>
              </value>
            </param>
          </params>
          <reporter-output>
          </reporter-output>
        </test-method> <!-- runScenario -->
        <test-method is-config="true" signature="tearDownClass()[pri:0, instance:com.NopCommerce.runner.UIRunner@482bce4f]" started-at="2022-10-04T08:54:23 IST" name="tearDownClass" finished-at="2022-10-04T08:54:23 IST" duration-ms="182" status="PASS">
          <reporter-output>
          </reporter-output>
        </test-method> <!-- tearDownClass -->
        <test-method is-config="true" signature="teardown()[pri:0, instance:com.NopCommerce.runner.UIRunner@482bce4f]" started-at="2022-10-04T08:54:23 IST" name="teardown" finished-at="2022-10-04T08:54:23 IST" duration-ms="659" status="PASS">
          <reporter-output>
          </reporter-output>
        </test-method> <!-- teardown -->
      </class> <!-- com.NopCommerce.runner.UIRunner -->
    </test> <!-- Cucumber with TestNG Test -->
  </suite> <!-- Suite -->
</testng-results>
